<?xml version="1.0" encoding="UTF-8" ?>
<testsuite tests="11" failures="0" name="feature.TestRunner" time="472.124" errors="0" skipped="2">
  <properties>
[...]
</properties>
  <testcase classname="AddCustomer" name="Manivannan" time="54.171"/>
  <testcase classname="AddCustomer" name="Kalai" time="55.996"/>
  <testcase classname="AddTariffPlanToCustomer" name="Link the customerid" time="46.508"/>
  <testcase classname="AddTariffPlanToCustomer" name="Link the customerid" time="132.268"/>
  <testcase classname="AddTariffPlanToCustomer" name="Enter the wrong CustomerID" time="33.68"/>
  <testcase classname="AddTariffPlanToCustomer" name="Enter the wrong CustomerID" time="30.043"/>
  <testcase classname="AddTarrifPlan" name="To test AddTarrifplan with valid details" time="32.618"/>
  <testcase classname="AddTarrifPlan" name="Error data" time="23.072"/>
  <testcase classname="AddTarrifPlan" name="Reset Button" time="19.504"/>
  <testcase classname="PayBilling" name="Link the customerid" time="20.795">
    <skipped/>
    <system-err>Starting ChromeDriver 2.46.628402 (536cd7adbad73a3783fdc2cab92ab2ba7ec361e1) on port 25297
Only local connections are allowed.
Please protect ports used by ChromeDriver and related test frameworks to prevent access by malicious code.
Jun 04, 2019 9:00:23 PM org.openqa.selenium.remote.ProtocolHandshake createSession
INFO: Detected dialect: OSS
</system-err>
  </testcase>
  <testcase classname="PayBilling" name="Link the customerid" time="23.469">
    <skipped/>
    <system-err>Starting ChromeDriver 2.46.628402 (536cd7adbad73a3783fdc2cab92ab2ba7ec361e1) on port 42733
Only local connections are allowed.
Please protect ports used by ChromeDriver and related test frameworks to prevent access by malicious code.
Jun 04, 2019 9:00:44 PM org.openqa.selenium.remote.ProtocolHandshake createSession
INFO: Detected dialect: OSS
</system-err>
  </testcase>
</testsuite>